<?xml version="1.0" encoding="UTF-8"?>
<!-- Generated by org.testng.reporters.JUnitReportReporter -->
<testsuite hostname="VAIO" failures="0" tests="9" name="selenium.framework.testsuite.herokuapp.ChallengingDomPage" time="35.475" errors="0" timestamp="15 Jan 2020 05:21:46 GMT" skipped="0">
  <testcase classname="selenium.framework.testsuite.herokuapp.ChallengingDomPage" name="verifyDeleteLinkUnderActionColumn" time="7.971"/>
  <testcase classname="selenium.framework.testsuite.herokuapp.ChallengingDomPage" name="verifyGreenBannerForkMeOnGitHub" time="4.411"/>
  <testcase classname="selenium.framework.testsuite.herokuapp.ChallengingDomPage" name="verifyRedButton" time="1.733"/>
  <testcase classname="selenium.framework.testsuite.herokuapp.ChallengingDomPage" name="verifyEditLinkUnderActionColumn" time="2.585"/>
  <testcase classname="selenium.framework.testsuite.herokuapp.ChallengingDomPage" name="verifyPoweredByElementalSelenium" time="7.460"/>
  <testcase classname="selenium.framework.testsuite.herokuapp.ChallengingDomPage" name="verifyBlueButton" time="2.212"/>
  <testcase classname="selenium.framework.testsuite.herokuapp.ChallengingDomPage" name="verifyContentsOfTable" time="5.358"/>
  <testcase classname="selenium.framework.testsuite.herokuapp.ChallengingDomPage" name="verifychallengingDomUI" time="1.538"/>
  <testcase classname="selenium.framework.testsuite.herokuapp.ChallengingDomPage" name="verifyGreenButton" time="2.207"/>
</testsuite> <!-- selenium.framework.testsuite.herokuapp.ChallengingDomPage -->
