<?xml version="1.0" encoding="UTF-8"?>
<!-- Generated by org.testng.reporters.JUnitReportReporter -->
<testsuite hostname="VAIO" failures="0" tests="8" name="selenium.framework.testSuite.herokuapp.ChallengingDomPage" time="19.620" errors="0" timestamp="13 Jan 2020 21:58:56 GMT" skipped="0">
  <testcase classname="selenium.framework.testSuite.herokuapp.ChallengingDomPage" name="verifyEditLinkUnderActionColumn" time="1.696"/>
  <testcase classname="selenium.framework.testSuite.herokuapp.ChallengingDomPage" name="verifyDeleteLinkUnderActionColumn" time="1.626"/>
  <testcase classname="selenium.framework.testSuite.herokuapp.ChallengingDomPage" name="verifyGreenBannerForkMeOnGitHub" time="5.591"/>
  <testcase classname="selenium.framework.testSuite.herokuapp.ChallengingDomPage" name="verifyRedButton" time="1.722"/>
  <testcase classname="selenium.framework.testSuite.herokuapp.ChallengingDomPage" name="verifyChallengingDomPageUI" time="0.850"/>
  <testcase classname="selenium.framework.testSuite.herokuapp.ChallengingDomPage" name="verifyBlueButton" time="1.831"/>
  <testcase classname="selenium.framework.testSuite.herokuapp.ChallengingDomPage" name="verifyContentsOfTable" time="5.138"/>
  <testcase classname="selenium.framework.testSuite.herokuapp.ChallengingDomPage" name="verifyGreenButton" time="1.166"/>
</testsuite> <!-- selenium.framework.testSuite.herokuapp.ChallengingDomPage -->
